2017-07-15 13:35:21 INFO  .:45 - the method startAutomationSuite execution started here...
2017-07-15 13:35:21 INFO  .:49 - the method startAutomationSuite execution ended here...
2017-07-15 13:35:21 INFO  .:69 - the method loadFiles execution started here...
2017-07-15 13:35:21 INFO  .:87 - the method loadFiles execution ended here...
2017-07-15 13:35:21 INFO  .:111 - the method executeTestScenarios execution started here...
2017-07-15 13:35:21 INFO  .:28 - the method launchBrowser execution started here...
2017-07-15 13:35:24 INFO  .:56 - the method launchBrowser execution ended here...
2017-07-15 13:35:24 INFO  .:81 - the method navigate execution started here...
2017-07-15 13:35:30 INFO  .:93 - the method navigate execution ended here...
2017-07-15 13:35:30 INFO  .:171 - In the Scenario :Login the method navigate has got the status as :Pass
2017-07-15 13:35:30 INFO  .:29 - the method login execution started here...
2017-07-15 13:35:35 INFO  .:47 - the method login execution ended here...
2017-07-15 13:35:35 INFO  .:171 - In the Scenario :Login the method login has got the status as :Pass
2017-07-15 13:35:35 INFO  .:72 - the method logout execution started here...
2017-07-15 13:35:45 INFO  .:85 - the method logout execution ended here...
2017-07-15 13:35:45 INFO  .:171 - In the Scenario :Login the method logout has got the status as :Pass
2017-07-15 13:35:45 INFO  .:115 - the method closeApplication execution started here...
2017-07-15 13:35:46 INFO  .:118 - the method closeApplication execution ended here...
2017-07-15 13:35:46 INFO  .:171 - In the Scenario :Login the method closeApplication has got the status as :Pass
2017-07-15 13:35:46 INFO  .:181 - +++++++++++++++++++++++++++++++++++
2017-07-15 13:35:46 INFO  .:28 - the method launchBrowser execution started here...
2017-07-15 13:35:48 INFO  .:56 - the method launchBrowser execution ended here...
2017-07-15 13:35:49 INFO  .:81 - the method navigate execution started here...
2017-07-15 13:35:55 INFO  .:93 - the method navigate execution ended here...
2017-07-15 13:35:55 INFO  .:171 - In the Scenario :CreateUser the method navigate has got the status as :Pass
2017-07-15 13:35:55 INFO  .:29 - the method login execution started here...
2017-07-15 13:36:00 INFO  .:47 - the method login execution ended here...
2017-07-15 13:36:00 INFO  .:171 - In the Scenario :CreateUser the method login has got the status as :Pass
2017-07-15 13:36:00 INFO  .:31 - the method createUser execution started here...
2017-07-15 13:36:26 INFO  .:68 - the method createUser execution ended here...
2017-07-15 13:36:26 INFO  .:171 - In the Scenario :CreateUser the method createUser has got the status as :Pass
2017-07-15 13:36:26 INFO  .:138 - the method deleteUser execution started here...
2017-07-15 13:36:35 INFO  .:154 - the method deleteUser execution ended here...
2017-07-15 13:36:35 INFO  .:171 - In the Scenario :CreateUser the method deleteUser has got the status as :Pass
2017-07-15 13:36:35 INFO  .:72 - the method logout execution started here...
2017-07-15 13:36:46 INFO  .:85 - the method logout execution ended here...
2017-07-15 13:36:46 INFO  .:171 - In the Scenario :CreateUser the method logout has got the status as :Pass
2017-07-15 13:36:46 INFO  .:115 - the method closeApplication execution started here...
2017-07-15 13:36:47 INFO  .:118 - the method closeApplication execution ended here...
2017-07-15 13:36:47 INFO  .:171 - In the Scenario :CreateUser the method closeApplication has got the status as :Pass
2017-07-15 13:36:47 INFO  .:181 - +++++++++++++++++++++++++++++++++++
2017-07-15 13:36:47 INFO  .:28 - the method launchBrowser execution started here...
2017-07-15 13:36:49 INFO  .:56 - the method launchBrowser execution ended here...
2017-07-15 13:36:49 INFO  .:81 - the method navigate execution started here...
2017-07-15 13:36:54 INFO  .:93 - the method navigate execution ended here...
2017-07-15 13:36:54 INFO  .:171 - In the Scenario :ModifyUser the method navigate has got the status as :Pass
2017-07-15 13:36:55 INFO  .:29 - the method login execution started here...
2017-07-15 13:37:00 INFO  .:47 - the method login execution ended here...
2017-07-15 13:37:00 INFO  .:171 - In the Scenario :ModifyUser the method login has got the status as :Pass
2017-07-15 13:37:00 INFO  .:31 - the method createUser execution started here...
2017-07-15 13:37:26 INFO  .:68 - the method createUser execution ended here...
2017-07-15 13:37:26 INFO  .:171 - In the Scenario :ModifyUser the method createUser has got the status as :Pass
2017-07-15 13:37:26 INFO  .:93 - the method modifyUser execution started here...
2017-07-15 13:37:37 INFO  .:114 - the method modifyUser execution ended here...
2017-07-15 13:37:38 INFO  .:171 - In the Scenario :ModifyUser the method modifyUser has got the status as :Fail
2017-07-15 13:37:38 INFO  .:138 - the method deleteUser execution started here...
2017-07-15 13:37:47 INFO  .:154 - the method deleteUser execution ended here...
2017-07-15 13:37:47 INFO  .:171 - In the Scenario :ModifyUser the method deleteUser has got the status as :Pass
2017-07-15 13:37:47 INFO  .:72 - the method logout execution started here...
2017-07-15 13:37:57 INFO  .:85 - the method logout execution ended here...
2017-07-15 13:37:57 INFO  .:171 - In the Scenario :ModifyUser the method logout has got the status as :Pass
2017-07-15 13:37:57 INFO  .:115 - the method closeApplication execution started here...
2017-07-15 13:37:58 INFO  .:118 - the method closeApplication execution ended here...
2017-07-15 13:37:58 INFO  .:171 - In the Scenario :ModifyUser the method closeApplication has got the status as :Pass
2017-07-15 13:37:58 INFO  .:181 - +++++++++++++++++++++++++++++++++++
2017-07-15 13:37:58 INFO  .:189 - the method executeTestScenarios execution ended here...
2017-07-15 13:37:58 INFO  .:208 - the method endAutomationSuite execution started here...
2017-07-15 13:37:58 INFO  .:211 - the method endAutomationSuite execution ended here...
